Arguments: 
  /usr/local/Cellar/node/11.0.0/bin/node /usr/local/bin/yarn add @type/react-native-actionsheet

PATH: 
  /Users/takanashishoukei/.sdkman/candidates/gradle/current/bin:/Users/takanashishoukei/.jenv/shims:/Users/takanashishoukei/.jenv/bin:/Users/takanashishoukei/.rbenv/shims:/Users/takanashishoukei/.rbenv/bin:/usr/local/bin:/usr/bin:/bin:/usr/sbin:/sbin:/Users/takanashishoukei/Library/Android/sdk/emulator:/Users/takanashishoukei/Library/Android/sdk/tools:/Users/takanashishoukei/Library/Android/sdk/tools/bin:/Users/takanashishoukei/Library/Android/sdk/platform-tools

Yarn version: 
  1.12.3

Node version: 
  11.0.0

Platform: 
  darwin x64

Trace: 
  Error: https://registry.yarnpkg.com/@type%2freact-native-actionsheet: Not found
      at Request.params.callback [as _callback] (/usr/local/lib/node_modules/yarn/lib/cli.js:65894:18)
      at Request.self.callback (/usr/local/lib/node_modules/yarn/lib/cli.js:129018:22)
      at Request.emit (events.js:182:13)
      at Request.<anonymous> (/usr/local/lib/node_modules/yarn/lib/cli.js:129990:10)
      at Request.emit (events.js:182:13)
      at IncomingMessage.<anonymous> (/usr/local/lib/node_modules/yarn/lib/cli.js:129912:12)
      at Object.onceWrapper (events.js:273:13)
      at IncomingMessage.emit (events.js:187:15)
      at endReadableNT (_stream_readable.js:1094:12)
      at process.internalTickCallback (internal/process/next_tick.js:72:19)

npm manifest: 
  {
    "dependencies": {
      "react-native-actionsheet": "^2.4.2"
    }
  }

yarn manifest: 
  No manifest

Lockfile: 
  # THIS IS AN AUTOGENERATED FILE. DO NOT EDIT THIS FILE DIRECTLY.
  # yarn lockfile v1
  
  
  react-native-actionsheet@^2.4.2:
    version "2.4.2"
    resolved "https://registry.yarnpkg.com/react-native-actionsheet/-/react-native-actionsheet-2.4.2.tgz#6a00dd51a75ef2c8974312130e405af73191500f"
    integrity sha512-DBoWIvVwuWXuptF4t46pBqkFxaUxS+rsIdHiA05t0n4BdTIDV2R4s9bLEUVOGzb94D7VxIamsXZPA/3mmw+SXg==
